Arguments: 
  /Users/ransixi/.nvm/versions/node/v14.4.0/bin/node /usr/local/Cellar/yarn/1.22.4/libexec/bin/yarn.js

PATH: 
  /Users/ransixi/.nvm/versions/node/v14.4.0/bin:/usr/local/bin:/usr/bin:/bin:/usr/sbin:/sbin:/Users/ransixi/Documents/flutter/bin:/Applications/Postgres.app/Contents/Versions/12/bin

Yarn version: 
  1.22.4

Node version: 
  14.4.0

Platform: 
  darwin x64

Trace: 
  Error: getaddrinfo ENOTFOUND registry.npmjs.org
      at GetAddrInfoReqWrap.onlookup [as oncomplete] (dns.js:66:26)

npm manifest: 
  {
    "name": "muya",
    "version": "0.0.1",
    "description": "Future markdown editor for web and desktop application development",
    "main": "index.js",
    "scripts": {
      "dev": "webpack-dev-server --config ./example/webpack.config.js --open",
      "build": "NODE_ENV=production webpack --config ./scripts/webpack.config.js",
      "test": "jest --env=jsdom",
      "lint:fix": "eslint --fix lib"
    },
    "repository": {
      "type": "git",
      "url": "git+https://github.com/marktext/muya.git"
    },
    "keywords": [
      "markdown",
      "editor",
      "web",
      "destop"
    ],
    "author": "ransixi@gmail.com",
    "license": "MIT",
    "bugs": {
      "url": "https://github.com/marktext/muya/issues"
    },
    "homepage": "https://github.com/marktext/muya#readme",
    "dependencies": {
      "axios": "^0.19.2",
      "dompurify": "^2.0.11",
      "element-resize-detector": "^1.2.1",
      "fast-diff": "^1.2.0",
      "fuzzaldrin": "^2.1.0",
      "katex": "^0.11.1",
      "ot-json1": "0.2.4",
      "popper.js": "^1.16.1",
      "snabbdom": "^1.0.1",
      "snabbdom-to-html": "^6.0.0",
      "unsplash-js": "^6.0.0"
    },
    "devDependencies": {
      "@babel/core": "^7.10.3",
      "@babel/plugin-proposal-class-properties": "^7.10.1",
      "@babel/preset-env": "^7.10.3",
      "babel-core": "^7.0.0-bridge.0",
      "babel-eslint": "^10.0.1",
      "babel-jest": "^26.1.0",
      "babel-loader": "^8.0.4",
      "commitlint": "^9.0.1",
      "cross-env": "^7.0.2",
      "css-loader": "^3.6.0",
      "eslint": "^7.3.1",
      "eslint-config-standard": "^14.1.1",
      "eslint-friendly-formatter": "^4.0.1",
      "eslint-loader": "^4.0.2",
      "eslint-plugin-html": "^6.0.2",
      "eslint-plugin-import": "^2.21.2",
      "eslint-plugin-node": "^11.1.0",
      "eslint-plugin-promise": "^4.0.1",
      "eslint-plugin-standard": "^4.0.0",
      "file-loader": "^6.0.0",
      "html-webpack-plugin": "^4.3.0",
      "husky": "^4.2.5",
      "jest": "^26.1.0",
      "lint-staged": "^10.2.11",
      "mini-css-extract-plugin": "^0.9.0",
      "postcss-loader": "^3.0.0",
      "postcss-preset-env": "^6.4.0",
      "style-loader": "^1.2.1",
      "stylelint": "^13.6.1",
      "stylelint-config-prettier": "^8.0.2",
      "stylelint-config-rational-order": "^0.1.2",
      "stylelint-config-standard": "^20.0.0",
      "stylelint-order": "^4.1.0",
      "svg-sprite-loader": "^5.0.0",
      "svgo": "^1.3.2",
      "svgo-loader": "^2.2.1",
      "url-loader": "^4.1.0",
      "webpack": "^4.27.0",
      "webpack-cli": "^3.3.12",
      "webpack-dev-server": "^3.11.0"
    }
  }

yarn manifest: 
  No manifest

Lockfile: 
  No lockfile
